mode: set
github.com/GolangToolKits/go-postgres/postgressdb.go:22.31,24.2 1 1
github.com/GolangToolKits/go-postgres/postgressdb.go:27.31,34.18 5 1
github.com/GolangToolKits/go-postgres/postgressdb.go:34.18,36.19 2 1
github.com/GolangToolKits/go-postgres/postgressdb.go:36.19,38.4 1 1
github.com/GolangToolKits/go-postgres/postgressdb.go:38.9,40.4 1 1
github.com/GolangToolKits/go-postgres/postgressdb.go:42.2,42.12 1 1
github.com/GolangToolKits/go-postgres/postgressdb.go:46.55,48.2 1 1
github.com/GolangToolKits/go-postgres/postgressdb.go:51.47,55.29 4 1
github.com/GolangToolKits/go-postgres/postgressdb.go:55.29,57.3 1 1
github.com/GolangToolKits/go-postgres/postgressdb.go:58.2,59.14 2 1
github.com/GolangToolKits/go-postgres/postgressdb.go:63.64,68.18 5 1
github.com/GolangToolKits/go-postgres/postgressdb.go:68.18,70.3 1 1
github.com/GolangToolKits/go-postgres/postgressdb.go:70.8,74.17 4 1
github.com/GolangToolKits/go-postgres/postgressdb.go:74.17,76.4 1 1
github.com/GolangToolKits/go-postgres/postgressdb.go:76.9,77.24 1 1
github.com/GolangToolKits/go-postgres/postgressdb.go:77.24,80.5 2 1
github.com/GolangToolKits/go-postgres/postgressdb.go:84.2,84.20 1 1
github.com/GolangToolKits/go-postgres/postgressdb.go:88.55,92.18 4 1
github.com/GolangToolKits/go-postgres/postgressdb.go:92.18,94.3 1 1
github.com/GolangToolKits/go-postgres/postgressdb.go:94.8,97.17 3 1
github.com/GolangToolKits/go-postgres/postgressdb.go:97.17,99.4 1 1
github.com/GolangToolKits/go-postgres/postgressdb.go:99.9,101.25 2 1
github.com/GolangToolKits/go-postgres/postgressdb.go:101.25,103.5 1 1
github.com/GolangToolKits/go-postgres/postgressdb.go:103.10,105.5 1 1
github.com/GolangToolKits/go-postgres/postgressdb.go:108.2,108.16 1 1
github.com/GolangToolKits/go-postgres/postgressdb.go:112.54,115.16 3 1
github.com/GolangToolKits/go-postgres/postgressdb.go:115.16,117.3 1 1
github.com/GolangToolKits/go-postgres/postgressdb.go:117.8,120.17 3 1
github.com/GolangToolKits/go-postgres/postgressdb.go:120.17,122.4 1 1
github.com/GolangToolKits/go-postgres/postgressdb.go:122.9,125.18 3 1
github.com/GolangToolKits/go-postgres/postgressdb.go:125.18,129.30 4 1
github.com/GolangToolKits/go-postgres/postgressdb.go:129.30,131.6 1 1
github.com/GolangToolKits/go-postgres/postgressdb.go:132.5,132.21 1 1
github.com/GolangToolKits/go-postgres/postgressdb.go:132.21,139.36 2 1
github.com/GolangToolKits/go-postgres/postgressdb.go:139.36,141.21 2 1
github.com/GolangToolKits/go-postgres/postgressdb.go:141.21,143.8 1 0
github.com/GolangToolKits/go-postgres/postgressdb.go:143.13,145.8 1 1
github.com/GolangToolKits/go-postgres/postgressdb.go:146.7,146.39 1 1
github.com/GolangToolKits/go-postgres/postgressdb.go:155.2,155.13 1 1
github.com/GolangToolKits/go-postgres/postgressdb.go:159.59,162.16 3 1
github.com/GolangToolKits/go-postgres/postgressdb.go:162.16,164.3 1 1
github.com/GolangToolKits/go-postgres/postgressdb.go:164.8,168.17 3 1
github.com/GolangToolKits/go-postgres/postgressdb.go:168.17,170.4 1 1
github.com/GolangToolKits/go-postgres/postgressdb.go:170.9,173.18 3 1
github.com/GolangToolKits/go-postgres/postgressdb.go:173.18,177.30 4 1
github.com/GolangToolKits/go-postgres/postgressdb.go:177.30,179.6 1 1
github.com/GolangToolKits/go-postgres/postgressdb.go:180.5,180.21 1 1
github.com/GolangToolKits/go-postgres/postgressdb.go:180.21,188.36 3 1
github.com/GolangToolKits/go-postgres/postgressdb.go:188.36,190.21 2 1
github.com/GolangToolKits/go-postgres/postgressdb.go:190.21,192.8 1 0
github.com/GolangToolKits/go-postgres/postgressdb.go:192.13,194.8 1 1
github.com/GolangToolKits/go-postgres/postgressdb.go:195.7,195.49 1 1
github.com/GolangToolKits/go-postgres/postgressdb.go:197.6,197.47 1 1
github.com/GolangToolKits/go-postgres/postgressdb.go:205.2,205.13 1 1
github.com/GolangToolKits/go-postgres/postgressdb.go:209.55,213.18 4 1
github.com/GolangToolKits/go-postgres/postgressdb.go:213.18,215.3 1 1
github.com/GolangToolKits/go-postgres/postgressdb.go:215.8,218.17 3 1
github.com/GolangToolKits/go-postgres/postgressdb.go:218.17,220.4 1 1
github.com/GolangToolKits/go-postgres/postgressdb.go:220.9,222.25 2 1
github.com/GolangToolKits/go-postgres/postgressdb.go:222.25,224.5 1 1
github.com/GolangToolKits/go-postgres/postgressdb.go:224.10,226.5 1 0
github.com/GolangToolKits/go-postgres/postgressdb.go:229.2,229.16 1 1
github.com/GolangToolKits/go-postgres/postgressdb.go:233.29,236.16 3 1
github.com/GolangToolKits/go-postgres/postgressdb.go:236.16,238.3 1 1
github.com/GolangToolKits/go-postgres/postgressdb.go:239.2,239.12 1 1
github.com/GolangToolKits/go-postgres/postgressdbMock.go:108.35,110.2 1 1
github.com/GolangToolKits/go-postgres/postgressdbMock.go:113.35,115.2 1 1
github.com/GolangToolKits/go-postgres/postgressdbMock.go:118.46,122.2 3 1
github.com/GolangToolKits/go-postgres/postgressdbMock.go:125.51,131.2 5 1
github.com/GolangToolKits/go-postgres/postgressdbMock.go:134.59,136.2 1 1
github.com/GolangToolKits/go-postgres/postgressdbMock.go:139.68,142.31 3 1
github.com/GolangToolKits/go-postgres/postgressdbMock.go:142.31,146.3 3 1
github.com/GolangToolKits/go-postgres/postgressdbMock.go:146.8,146.38 1 1
github.com/GolangToolKits/go-postgres/postgressdbMock.go:146.38,150.3 3 1
github.com/GolangToolKits/go-postgres/postgressdbMock.go:150.8,150.38 1 1
github.com/GolangToolKits/go-postgres/postgressdbMock.go:150.38,154.3 3 1
github.com/GolangToolKits/go-postgres/postgressdbMock.go:154.8,154.38 1 1
github.com/GolangToolKits/go-postgres/postgressdbMock.go:154.38,158.3 3 1
github.com/GolangToolKits/go-postgres/postgressdbMock.go:159.2,159.16 1 1
github.com/GolangToolKits/go-postgres/postgressdbMock.go:163.59,165.31 2 1
github.com/GolangToolKits/go-postgres/postgressdbMock.go:165.31,168.3 2 1
github.com/GolangToolKits/go-postgres/postgressdbMock.go:168.8,168.38 1 1
github.com/GolangToolKits/go-postgres/postgressdbMock.go:168.38,171.3 2 1
github.com/GolangToolKits/go-postgres/postgressdbMock.go:171.8,171.38 1 1
github.com/GolangToolKits/go-postgres/postgressdbMock.go:171.38,174.3 2 1
github.com/GolangToolKits/go-postgres/postgressdbMock.go:174.8,174.38 1 1
github.com/GolangToolKits/go-postgres/postgressdbMock.go:174.38,177.3 2 1
github.com/GolangToolKits/go-postgres/postgressdbMock.go:178.2,178.12 1 1
github.com/GolangToolKits/go-postgres/postgressdbMock.go:182.58,185.21 2 1
github.com/GolangToolKits/go-postgres/postgressdbMock.go:185.21,188.3 2 1
github.com/GolangToolKits/go-postgres/postgressdbMock.go:188.8,188.28 1 1
github.com/GolangToolKits/go-postgres/postgressdbMock.go:188.28,191.3 2 1
github.com/GolangToolKits/go-postgres/postgressdbMock.go:191.8,191.28 1 1
github.com/GolangToolKits/go-postgres/postgressdbMock.go:191.28,194.3 2 1
github.com/GolangToolKits/go-postgres/postgressdbMock.go:194.8,194.28 1 1
github.com/GolangToolKits/go-postgres/postgressdbMock.go:194.28,197.3 2 1
github.com/GolangToolKits/go-postgres/postgressdbMock.go:197.8,197.28 1 1
github.com/GolangToolKits/go-postgres/postgressdbMock.go:197.28,200.3 2 1
github.com/GolangToolKits/go-postgres/postgressdbMock.go:200.8,200.28 1 1
github.com/GolangToolKits/go-postgres/postgressdbMock.go:200.28,203.3 2 1
github.com/GolangToolKits/go-postgres/postgressdbMock.go:203.8,203.28 1 1
github.com/GolangToolKits/go-postgres/postgressdbMock.go:203.28,206.3 2 1
github.com/GolangToolKits/go-postgres/postgressdbMock.go:206.8,206.28 1 1
github.com/GolangToolKits/go-postgres/postgressdbMock.go:206.28,209.3 2 1
github.com/GolangToolKits/go-postgres/postgressdbMock.go:210.2,210.12 1 1
github.com/GolangToolKits/go-postgres/postgressdbMock.go:214.63,216.22 2 1
github.com/GolangToolKits/go-postgres/postgressdbMock.go:216.22,219.3 2 1
github.com/GolangToolKits/go-postgres/postgressdbMock.go:219.8,219.29 1 1
github.com/GolangToolKits/go-postgres/postgressdbMock.go:219.29,222.3 2 1
github.com/GolangToolKits/go-postgres/postgressdbMock.go:222.8,222.29 1 1
github.com/GolangToolKits/go-postgres/postgressdbMock.go:222.29,225.3 2 1
github.com/GolangToolKits/go-postgres/postgressdbMock.go:225.8,225.29 1 1
github.com/GolangToolKits/go-postgres/postgressdbMock.go:225.29,228.3 2 1
github.com/GolangToolKits/go-postgres/postgressdbMock.go:228.8,228.29 1 1
github.com/GolangToolKits/go-postgres/postgressdbMock.go:228.29,231.3 2 1
github.com/GolangToolKits/go-postgres/postgressdbMock.go:231.8,231.29 1 1
github.com/GolangToolKits/go-postgres/postgressdbMock.go:231.29,234.3 2 1
github.com/GolangToolKits/go-postgres/postgressdbMock.go:234.8,234.29 1 1
github.com/GolangToolKits/go-postgres/postgressdbMock.go:234.29,237.3 2 1
github.com/GolangToolKits/go-postgres/postgressdbMock.go:237.8,237.29 1 1
github.com/GolangToolKits/go-postgres/postgressdbMock.go:237.29,240.3 2 1
github.com/GolangToolKits/go-postgres/postgressdbMock.go:241.2,241.12 1 1
github.com/GolangToolKits/go-postgres/postgressdbMock.go:245.59,247.31 2 1
github.com/GolangToolKits/go-postgres/postgressdbMock.go:247.31,250.3 2 1
github.com/GolangToolKits/go-postgres/postgressdbMock.go:250.8,250.38 1 1
github.com/GolangToolKits/go-postgres/postgressdbMock.go:250.38,253.3 2 1
github.com/GolangToolKits/go-postgres/postgressdbMock.go:253.8,253.38 1 1
github.com/GolangToolKits/go-postgres/postgressdbMock.go:253.38,256.3 2 1
github.com/GolangToolKits/go-postgres/postgressdbMock.go:256.8,256.38 1 1
github.com/GolangToolKits/go-postgres/postgressdbMock.go:256.38,259.3 2 1
github.com/GolangToolKits/go-postgres/postgressdbMock.go:260.2,260.12 1 1
github.com/GolangToolKits/go-postgres/postgressdbMock.go:264.33,266.2 1 1
github.com/GolangToolKits/go-postgres/postgressdbTx.go:14.66,19.16 4 1
github.com/GolangToolKits/go-postgres/postgressdbTx.go:19.16,21.3 1 1
github.com/GolangToolKits/go-postgres/postgressdbTx.go:21.8,25.17 4 1
github.com/GolangToolKits/go-postgres/postgressdbTx.go:25.17,27.4 1 1
github.com/GolangToolKits/go-postgres/postgressdbTx.go:27.9,30.38 1 1
github.com/GolangToolKits/go-postgres/postgressdbTx.go:30.38,33.5 2 1
github.com/GolangToolKits/go-postgres/postgressdbTx.go:36.2,36.20 1 1
github.com/GolangToolKits/go-postgres/postgressdbTx.go:40.57,43.16 3 1
github.com/GolangToolKits/go-postgres/postgressdbTx.go:43.16,45.3 1 1
github.com/GolangToolKits/go-postgres/postgressdbTx.go:45.8,48.17 3 1
github.com/GolangToolKits/go-postgres/postgressdbTx.go:48.17,50.4 1 1
github.com/GolangToolKits/go-postgres/postgressdbTx.go:50.9,52.25 2 1
github.com/GolangToolKits/go-postgres/postgressdbTx.go:52.25,54.5 1 1
github.com/GolangToolKits/go-postgres/postgressdbTx.go:54.10,56.5 1 1
github.com/GolangToolKits/go-postgres/postgressdbTx.go:59.2,59.16 1 1
github.com/GolangToolKits/go-postgres/postgressdbTx.go:63.57,66.16 3 1
github.com/GolangToolKits/go-postgres/postgressdbTx.go:66.16,68.3 1 1
github.com/GolangToolKits/go-postgres/postgressdbTx.go:68.8,71.17 3 1
github.com/GolangToolKits/go-postgres/postgressdbTx.go:71.17,74.4 1 1
github.com/GolangToolKits/go-postgres/postgressdbTx.go:74.9,76.25 2 1
github.com/GolangToolKits/go-postgres/postgressdbTx.go:76.25,78.5 1 1
github.com/GolangToolKits/go-postgres/postgressdbTx.go:78.10,80.5 1 1
github.com/GolangToolKits/go-postgres/postgressdbTx.go:84.2,84.16 1 1
github.com/GolangToolKits/go-postgres/postgressdbTx.go:88.32,91.16 3 1
github.com/GolangToolKits/go-postgres/postgressdbTx.go:91.16,93.3 1 1
github.com/GolangToolKits/go-postgres/postgressdbTx.go:93.8,95.3 1 1
github.com/GolangToolKits/go-postgres/postgressdbTx.go:96.2,96.12 1 1
github.com/GolangToolKits/go-postgres/postgressdbTx.go:102.34,105.16 3 1
github.com/GolangToolKits/go-postgres/postgressdbTx.go:105.16,107.3 1 1
github.com/GolangToolKits/go-postgres/postgressdbTx.go:107.8,109.3 1 1
github.com/GolangToolKits/go-postgres/postgressdbTx.go:110.2,110.12 1 1
github.com/GolangToolKits/go-postgres/postgressdbTxMock.go:12.70,15.40 3 1
github.com/GolangToolKits/go-postgres/postgressdbTxMock.go:15.40,19.3 3 1
github.com/GolangToolKits/go-postgres/postgressdbTxMock.go:19.8,19.47 1 1
github.com/GolangToolKits/go-postgres/postgressdbTxMock.go:19.47,23.3 3 1
github.com/GolangToolKits/go-postgres/postgressdbTxMock.go:23.8,23.47 1 1
github.com/GolangToolKits/go-postgres/postgressdbTxMock.go:23.47,27.3 3 1
github.com/GolangToolKits/go-postgres/postgressdbTxMock.go:27.8,27.47 1 1
github.com/GolangToolKits/go-postgres/postgressdbTxMock.go:27.47,31.3 3 1
github.com/GolangToolKits/go-postgres/postgressdbTxMock.go:31.8,31.47 1 1
github.com/GolangToolKits/go-postgres/postgressdbTxMock.go:31.47,35.3 3 1
github.com/GolangToolKits/go-postgres/postgressdbTxMock.go:35.8,35.47 1 1
github.com/GolangToolKits/go-postgres/postgressdbTxMock.go:35.47,39.3 3 1
github.com/GolangToolKits/go-postgres/postgressdbTxMock.go:39.8,39.47 1 1
github.com/GolangToolKits/go-postgres/postgressdbTxMock.go:39.47,43.3 3 1
github.com/GolangToolKits/go-postgres/postgressdbTxMock.go:43.8,43.47 1 1
github.com/GolangToolKits/go-postgres/postgressdbTxMock.go:43.47,47.3 3 1
github.com/GolangToolKits/go-postgres/postgressdbTxMock.go:48.2,48.16 1 1
github.com/GolangToolKits/go-postgres/postgressdbTxMock.go:52.61,54.40 2 1
github.com/GolangToolKits/go-postgres/postgressdbTxMock.go:54.40,57.3 2 1
github.com/GolangToolKits/go-postgres/postgressdbTxMock.go:57.8,57.47 1 1
github.com/GolangToolKits/go-postgres/postgressdbTxMock.go:57.47,60.3 2 1
github.com/GolangToolKits/go-postgres/postgressdbTxMock.go:60.8,60.47 1 1
github.com/GolangToolKits/go-postgres/postgressdbTxMock.go:60.47,63.3 2 1
github.com/GolangToolKits/go-postgres/postgressdbTxMock.go:63.8,63.47 1 1
github.com/GolangToolKits/go-postgres/postgressdbTxMock.go:63.47,66.3 2 1
github.com/GolangToolKits/go-postgres/postgressdbTxMock.go:67.2,67.12 1 1
github.com/GolangToolKits/go-postgres/postgressdbTxMock.go:71.61,73.40 2 1
github.com/GolangToolKits/go-postgres/postgressdbTxMock.go:73.40,76.3 2 1
github.com/GolangToolKits/go-postgres/postgressdbTxMock.go:76.8,76.47 1 1
github.com/GolangToolKits/go-postgres/postgressdbTxMock.go:76.47,79.3 2 1
github.com/GolangToolKits/go-postgres/postgressdbTxMock.go:79.8,79.47 1 1
github.com/GolangToolKits/go-postgres/postgressdbTxMock.go:79.47,82.3 2 1
github.com/GolangToolKits/go-postgres/postgressdbTxMock.go:82.8,82.47 1 1
github.com/GolangToolKits/go-postgres/postgressdbTxMock.go:82.47,85.3 2 1
github.com/GolangToolKits/go-postgres/postgressdbTxMock.go:85.8,85.47 1 1
github.com/GolangToolKits/go-postgres/postgressdbTxMock.go:85.47,88.3 2 1
github.com/GolangToolKits/go-postgres/postgressdbTxMock.go:88.8,88.47 1 1
github.com/GolangToolKits/go-postgres/postgressdbTxMock.go:88.47,91.3 2 1
github.com/GolangToolKits/go-postgres/postgressdbTxMock.go:91.8,91.47 1 1
github.com/GolangToolKits/go-postgres/postgressdbTxMock.go:91.47,94.3 2 1
github.com/GolangToolKits/go-postgres/postgressdbTxMock.go:94.8,94.47 1 1
github.com/GolangToolKits/go-postgres/postgressdbTxMock.go:94.47,97.3 2 1
github.com/GolangToolKits/go-postgres/postgressdbTxMock.go:98.2,98.12 1 1
github.com/GolangToolKits/go-postgres/postgressdbTxMock.go:102.36,104.2 1 1
github.com/GolangToolKits/go-postgres/postgressdbTxMock.go:107.38,109.2 1 1
